<?xml version="1.0" encoding="UTF-8"?>
<!-- Generated by org.testng.reporters.JUnitReportReporter -->
<testsuite hostname="DESKTOP-SGFSN78" failures="0" tests="1" name="testCase.TC002_LoginTest" time="2.952" errors="0" timestamp="2025-06-23T12:36:12 IST" skipped="0">
  <testcase classname="testCase.TC002_LoginTest" name="verify_login" time="2.952"/>
</testsuite> <!-- testCase.TC002_LoginTest -->
