<?xml version="1.0" encoding="UTF-8"?>
<!-- Generated by org.testng.reporters.JUnitReportReporter -->
<testsuite hostname="DESKTOP-SGFSN78" failures="0" tests="1" name="testCase.tc01_AccountRegistrationPage" time="7.139" errors="0" timestamp="2025-06-23T12:36:12 IST" skipped="0">
  <testcase classname="testCase.tc01_AccountRegistrationPage" name="verify_account_registration" time="7.139"/>
</testsuite> <!-- testCase.tc01_AccountRegistrationPage -->
