<?xml version="1.0" encoding="UTF-8"?>
<!-- Generated by org.testng.reporters.JUnitReportReporter -->
<testsuite hostname="DESKTOP-SGFSN78" failures="0" tests="1" name="testCase.tc01_AccountRegistrationPage" time="6.107" errors="0" timestamp="2025-06-27T11:21:37 IST" skipped="0">
  <testcase classname="testCase.tc01_AccountRegistrationPage" name="verify_account_registration" time="6.107"/>
  <system-out/>
</testsuite> <!-- testCase.tc01_AccountRegistrationPage -->
