<?xml version="1.0" encoding="UTF-8"?>
<!-- Generated by org.testng.reporters.JUnitReportReporter -->
<testsuite hostname="DESKTOP-SGFSN78" failures="0" tests="1" name="testCase.TC002_LoginTest" time="3.591" errors="0" timestamp="2025-06-27T11:21:37 IST" skipped="0">
  <testcase classname="testCase.TC002_LoginTest" name="verify_login" time="3.591"/>
  <system-out/>
</testsuite> <!-- testCase.TC002_LoginTest -->
